May 23, 2020 12:32:56 pm : (run Query) : SQLSTATE[42000]: Syntax error or access violation: 1065 Query was emptyMay 23, 2020 12:32:56 pm : (run Query) : SQLSTATE[42000]: Syntax error or access violation: 1065 Query was emptyMay 23, 2020 12:34:42 pm : (run Query) : SQLSTATE[3D000]: Invalid catalog name: 1046 No database selectedMay 23, 2020 12:34:42 pm : (run Query) : SQLSTATE[42000]: Syntax error or access violation: 1064 You have an error in your SQL syntax; check the manual that corresponds to your MariaDB server version for the right syntax to use near 'username = 'Admin',
				email = 'admin@magazine.com',
				password ='e4b8b6168' at line 1May 23, 2020 12:37:44 pm : (run Query) : SQLSTATE[3D000]: Invalid catalog name: 1046 No database selected
May 23, 2020 12:37:44 pm : (run Query) : SQLSTATE[42000]: Syntax error or access violation: 1064 You have an error in your SQL syntax; check the manual that corresponds to your MariaDB server version for the right syntax to use near 'username = 'Admin',
				email = 'admin@magazine.com',
				password ='e4b8b6168' at line 1
May 23, 2020 12:43:02 pm : (run Query) : SQLSTATE[3D000]: Invalid catalog name: 1046 No database selected
May 23, 2020 12:43:02 pm : (run Query) : SQLSTATE[42000]: Syntax error or access violation: 1064 You have an error in your SQL syntax; check the manual that corresponds to your MariaDB server version for the right syntax to use near 'username = 'Admin',
				email = 'admin@magazine.com',
				password ='e4b8b6168' at line 1
May 23, 2020 12:43:02 pm : (run Query) : SQLSTATE[3D000]: Invalid catalog name: 1046 No database selected
May 23, 2020 12:43:02 pm : (run Query) : SQLSTATE[42000]: Syntax error or access violation: 1064 You have an error in your SQL syntax; check the manual that corresponds to your MariaDB server version for the right syntax to use near 'username = 'Admin',
				email = 'admin@magazine.com',
				password ='e4b8b6168' at line 1
May 23, 2020 12:43:02 pm : (run Query) : SQLSTATE[3D000]: Invalid catalog name: 1046 No database selected
May 23, 2020 12:43:02 pm : (run Query) : SQLSTATE[42000]: Syntax error or access violation: 1064 You have an error in your SQL syntax; check the manual that corresponds to your MariaDB server version for the right syntax to use near 'username = 'Admin',
				email = 'admin@magazine.com',
				password ='e4b8b6168' at line 1
May 23, 2020 12:43:03 pm : (run Query) : SQLSTATE[3D000]: Invalid catalog name: 1046 No database selected
May 23, 2020 12:43:03 pm : (run Query) : SQLSTATE[42000]: Syntax error or access violation: 1064 You have an error in your SQL syntax; check the manual that corresponds to your MariaDB server version for the right syntax to use near 'username = 'Admin',
				email = 'admin@magazine.com',
				password ='e4b8b6168' at line 1
May 23, 2020 12:44:00 pm : (run Query) : SQLSTATE[3D000]: Invalid catalog name: 1046 No database selected
May 23, 2020 12:44:00 pm : (run Query) : SQLSTATE[42000]: Syntax error or access violation: 1064 You have an error in your SQL syntax; check the manual that corresponds to your MariaDB server version for the right syntax to use near 'username = 'Admin',
				email = 'admin@magazine.com',
				password ='e4b8b6168' at line 1
May 23, 2020 12:44:00 pm : (run Query) : SQLSTATE[3D000]: Invalid catalog name: 1046 No database selected
May 23, 2020 12:44:00 pm : (run Query) : SQLSTATE[42000]: Syntax error or access violation: 1064 You have an error in your SQL syntax; check the manual that corresponds to your MariaDB server version for the right syntax to use near 'username = 'Admin',
				email = 'admin@magazine.com',
				password ='e4b8b6168' at line 1
May 23, 2020 12:44:40 pm : (run Query) : SQLSTATE[3D000]: Invalid catalog name: 1046 No database selected
May 23, 2020 12:44:40 pm : (run Query) : SQLSTATE[42000]: Syntax error or access violation: 1064 You have an error in your SQL syntax; check the manual that corresponds to your MariaDB server version for the right syntax to use near 'username = 'Admin',
				email = 'admin@magazine.com',
				password ='e4b8b6168' at line 1
May 23, 2020 12:44:41 pm : (run Query) : SQLSTATE[3D000]: Invalid catalog name: 1046 No database selected
May 23, 2020 12:44:41 pm : (run Query) : SQLSTATE[42000]: Syntax error or access violation: 1064 You have an error in your SQL syntax; check the manual that corresponds to your MariaDB server version for the right syntax to use near 'username = 'Admin',
				email = 'admin@magazine.com',
				password ='e4b8b6168' at line 1
May 23, 2020 12:54:05 pm : (run Query) : SQLSTATE[3D000]: Invalid catalog name: 1046 No database selected
May 23, 2020 12:54:05 pm : (run Query) : SQLSTATE[42000]: Syntax error or access violation: 1064 You have an error in your SQL syntax; check the manual that corresponds to your MariaDB server version for the right syntax to use near 'username = 'Admin',
				email = 'admin@magazine.com',
				password ='e4b8b6168' at line 1
May 23, 2020 12:56:01 pm : (run Query) : SQLSTATE[3D000]: Invalid catalog name: 1046 No database selected
May 23, 2020 12:56:01 pm : (run Query) : SQLSTATE[42000]: Syntax error or access violation: 1064 You have an error in your SQL syntax; check the manual that corresponds to your MariaDB server version for the right syntax to use near 'username = 'Admin',
				email = 'admin@magazine.com',
				password ='e4b8b6168' at line 1
May 23, 2020 12:56:03 pm : (run Query) : SQLSTATE[3D000]: Invalid catalog name: 1046 No database selected
May 23, 2020 12:56:03 pm : (run Query) : SQLSTATE[42000]: Syntax error or access violation: 1064 You have an error in your SQL syntax; check the manual that corresponds to your MariaDB server version for the right syntax to use near 'username = 'Admin',
				email = 'admin@magazine.com',
				password ='e4b8b6168' at line 1
May 23, 2020 12:56:03 pm : (run Query) : SQLSTATE[3D000]: Invalid catalog name: 1046 No database selected
May 23, 2020 12:56:03 pm : (run Query) : SQLSTATE[42000]: Syntax error or access violation: 1064 You have an error in your SQL syntax; check the manual that corresponds to your MariaDB server version for the right syntax to use near 'username = 'Admin',
				email = 'admin@magazine.com',
				password ='e4b8b6168' at line 1
May 23, 2020 12:56:03 pm : (run Query) : SQLSTATE[3D000]: Invalid catalog name: 1046 No database selected
May 23, 2020 12:56:03 pm : (run Query) : SQLSTATE[42000]: Syntax error or access violation: 1064 You have an error in your SQL syntax; check the manual that corresponds to your MariaDB server version for the right syntax to use near 'username = 'Admin',
				email = 'admin@magazine.com',
				password ='e4b8b6168' at line 1
May 23, 2020 12:56:04 pm : (run Query) : SQLSTATE[3D000]: Invalid catalog name: 1046 No database selected
May 23, 2020 12:56:04 pm : (run Query) : SQLSTATE[42000]: Syntax error or access violation: 1064 You have an error in your SQL syntax; check the manual that corresponds to your MariaDB server version for the right syntax to use near 'username = 'Admin',
				email = 'admin@magazine.com',
				password ='e4b8b6168' at line 1
May 23, 2020 12:56:06 pm : (run Query) : SQLSTATE[3D000]: Invalid catalog name: 1046 No database selected
May 23, 2020 12:56:06 pm : (run Query) : SQLSTATE[42000]: Syntax error or access violation: 1064 You have an error in your SQL syntax; check the manual that corresponds to your MariaDB server version for the right syntax to use near 'username = 'Admin',
				email = 'admin@magazine.com',
				password ='e4b8b6168' at line 1
May 23, 2020 12:56:06 pm : (run Query) : SQLSTATE[3D000]: Invalid catalog name: 1046 No database selected
May 23, 2020 12:56:06 pm : (run Query) : SQLSTATE[42000]: Syntax error or access violation: 1064 You have an error in your SQL syntax; check the manual that corresponds to your MariaDB server version for the right syntax to use near 'username = 'Admin',
				email = 'admin@magazine.com',
				password ='e4b8b6168' at line 1
May 23, 2020 12:56:06 pm : (run Query) : SQLSTATE[3D000]: Invalid catalog name: 1046 No database selected
May 23, 2020 12:56:06 pm : (run Query) : SQLSTATE[42000]: Syntax error or access violation: 1064 You have an error in your SQL syntax; check the manual that corresponds to your MariaDB server version for the right syntax to use near 'username = 'Admin',
				email = 'admin@magazine.com',
				password ='e4b8b6168' at line 1
May 23, 2020 12:56:06 pm : (run Query) : SQLSTATE[3D000]: Invalid catalog name: 1046 No database selected
May 23, 2020 12:56:06 pm : (run Query) : SQLSTATE[42000]: Syntax error or access violation: 1064 You have an error in your SQL syntax; check the manual that corresponds to your MariaDB server version for the right syntax to use near 'username = 'Admin',
				email = 'admin@magazine.com',
				password ='e4b8b6168' at line 1
May 23, 2020 12:56:06 pm : (run Query) : SQLSTATE[3D000]: Invalid catalog name: 1046 No database selected
May 23, 2020 12:56:06 pm : (run Query) : SQLSTATE[42000]: Syntax error or access violation: 1064 You have an error in your SQL syntax; check the manual that corresponds to your MariaDB server version for the right syntax to use near 'username = 'Admin',
				email = 'admin@magazine.com',
				password ='e4b8b6168' at line 1
May 23, 2020 12:56:06 pm : (run Query) : SQLSTATE[3D000]: Invalid catalog name: 1046 No database selected
May 23, 2020 12:56:06 pm : (run Query) : SQLSTATE[42000]: Syntax error or access violation: 1064 You have an error in your SQL syntax; check the manual that corresponds to your MariaDB server version for the right syntax to use near 'username = 'Admin',
				email = 'admin@magazine.com',
				password ='e4b8b6168' at line 1
May 23, 2020 12:56:06 pm : (run Query) : SQLSTATE[3D000]: Invalid catalog name: 1046 No database selected
May 23, 2020 12:56:06 pm : (run Query) : SQLSTATE[42000]: Syntax error or access violation: 1064 You have an error in your SQL syntax; check the manual that corresponds to your MariaDB server version for the right syntax to use near 'username = 'Admin',
				email = 'admin@magazine.com',
				password ='e4b8b6168' at line 1
May 23, 2020 12:56:07 pm : (run Query) : SQLSTATE[3D000]: Invalid catalog name: 1046 No database selected
May 23, 2020 12:56:07 pm : (run Query) : SQLSTATE[42000]: Syntax error or access violation: 1064 You have an error in your SQL syntax; check the manual that corresponds to your MariaDB server version for the right syntax to use near 'username = 'Admin',
				email = 'admin@magazine.com',
				password ='e4b8b6168' at line 1
May 23, 2020 12:56:07 pm : (run Query) : SQLSTATE[3D000]: Invalid catalog name: 1046 No database selected
May 23, 2020 12:56:07 pm : (run Query) : SQLSTATE[42000]: Syntax error or access violation: 1064 You have an error in your SQL syntax; check the manual that corresponds to your MariaDB server version for the right syntax to use near 'username = 'Admin',
				email = 'admin@magazine.com',
				password ='e4b8b6168' at line 1
May 23, 2020 12:56:07 pm : (run Query) : SQLSTATE[3D000]: Invalid catalog name: 1046 No database selected
May 23, 2020 12:56:07 pm : (run Query) : SQLSTATE[42000]: Syntax error or access violation: 1064 You have an error in your SQL syntax; check the manual that corresponds to your MariaDB server version for the right syntax to use near 'username = 'Admin',
				email = 'admin@magazine.com',
				password ='e4b8b6168' at line 1
May 23, 2020 12:56:07 pm : (run Query) : SQLSTATE[3D000]: Invalid catalog name: 1046 No database selected
May 23, 2020 12:56:07 pm : (run Query) : SQLSTATE[42000]: Syntax error or access violation: 1064 You have an error in your SQL syntax; check the manual that corresponds to your MariaDB server version for the right syntax to use near 'username = 'Admin',
				email = 'admin@magazine.com',
				password ='e4b8b6168' at line 1
May 23, 2020 12:56:08 pm : (run Query) : SQLSTATE[3D000]: Invalid catalog name: 1046 No database selected
May 23, 2020 12:56:08 pm : (run Query) : SQLSTATE[42000]: Syntax error or access violation: 1064 You have an error in your SQL syntax; check the manual that corresponds to your MariaDB server version for the right syntax to use near 'username = 'Admin',
				email = 'admin@magazine.com',
				password ='e4b8b6168' at line 1
May 23, 2020 12:57:11 pm : (run Query) : SQLSTATE[3D000]: Invalid catalog name: 1046 No database selected
May 23, 2020 12:57:11 pm : (run Query) : SQLSTATE[42000]: Syntax error or access violation: 1064 You have an error in your SQL syntax; check the manual that corresponds to your MariaDB server version for the right syntax to use near 'username = 'Admin',
				email = 'admin@magazine.com',
				password ='e4b8b6168' at line 1
May 23, 2020 12:57:12 pm : (run Query) : SQLSTATE[3D000]: Invalid catalog name: 1046 No database selected
May 23, 2020 12:57:12 pm : (run Query) : SQLSTATE[42000]: Syntax error or access violation: 1064 You have an error in your SQL syntax; check the manual that corresponds to your MariaDB server version for the right syntax to use near 'username = 'Admin',
				email = 'admin@magazine.com',
				password ='e4b8b6168' at line 1
May 23, 2020 12:57:12 pm : (run Query) : SQLSTATE[3D000]: Invalid catalog name: 1046 No database selected
May 23, 2020 12:57:12 pm : (run Query) : SQLSTATE[42000]: Syntax error or access violation: 1064 You have an error in your SQL syntax; check the manual that corresponds to your MariaDB server version for the right syntax to use near 'username = 'Admin',
				email = 'admin@magazine.com',
				password ='e4b8b6168' at line 1
May 23, 2020 12:57:12 pm : (run Query) : SQLSTATE[3D000]: Invalid catalog name: 1046 No database selected
May 23, 2020 12:57:12 pm : (run Query) : SQLSTATE[42000]: Syntax error or access violation: 1064 You have an error in your SQL syntax; check the manual that corresponds to your MariaDB server version for the right syntax to use near 'username = 'Admin',
				email = 'admin@magazine.com',
				password ='e4b8b6168' at line 1
May 23, 2020 12:57:12 pm : (run Query) : SQLSTATE[3D000]: Invalid catalog name: 1046 No database selected
May 23, 2020 12:57:12 pm : (run Query) : SQLSTATE[42000]: Syntax error or access violation: 1064 You have an error in your SQL syntax; check the manual that corresponds to your MariaDB server version for the right syntax to use near 'username = 'Admin',
				email = 'admin@magazine.com',
				password ='e4b8b6168' at line 1
May 23, 2020 12:57:12 pm : (run Query) : SQLSTATE[3D000]: Invalid catalog name: 1046 No database selected
May 23, 2020 12:57:12 pm : (run Query) : SQLSTATE[42000]: Syntax error or access violation: 1064 You have an error in your SQL syntax; check the manual that corresponds to your MariaDB server version for the right syntax to use near 'username = 'Admin',
				email = 'admin@magazine.com',
				password ='e4b8b6168' at line 1
May 23, 2020 12:58:03 pm : (run Query) : SQLSTATE[3D000]: Invalid catalog name: 1046 No database selected
May 23, 2020 12:58:03 pm : (run Query) : SQLSTATE[42000]: Syntax error or access violation: 1064 You have an error in your SQL syntax; check the manual that corresponds to your MariaDB server version for the right syntax to use near 'username = 'Admin',
				email = 'admin@magazine.com',
				password ='e4b8b6168' at line 1
May 23, 2020 12:58:04 pm : (run Query) : SQLSTATE[3D000]: Invalid catalog name: 1046 No database selected
May 23, 2020 12:58:04 pm : (run Query) : SQLSTATE[42000]: Syntax error or access violation: 1064 You have an error in your SQL syntax; check the manual that corresponds to your MariaDB server version for the right syntax to use near 'username = 'Admin',
				email = 'admin@magazine.com',
				password ='e4b8b6168' at line 1
May 23, 2020 12:58:04 pm : (run Query) : SQLSTATE[3D000]: Invalid catalog name: 1046 No database selected
May 23, 2020 12:58:04 pm : (run Query) : SQLSTATE[42000]: Syntax error or access violation: 1064 You have an error in your SQL syntax; check the manual that corresponds to your MariaDB server version for the right syntax to use near 'username = 'Admin',
				email = 'admin@magazine.com',
				password ='e4b8b6168' at line 1
May 23, 2020 12:58:04 pm : (run Query) : SQLSTATE[3D000]: Invalid catalog name: 1046 No database selected
May 23, 2020 12:58:04 pm : (run Query) : SQLSTATE[42000]: Syntax error or access violation: 1064 You have an error in your SQL syntax; check the manual that corresponds to your MariaDB server version for the right syntax to use near 'username = 'Admin',
				email = 'admin@magazine.com',
				password ='e4b8b6168' at line 1
May 23, 2020 12:58:04 pm : (run Query) : SQLSTATE[3D000]: Invalid catalog name: 1046 No database selected
May 23, 2020 12:58:04 pm : (run Query) : SQLSTATE[42000]: Syntax error or access violation: 1064 You have an error in your SQL syntax; check the manual that corresponds to your MariaDB server version for the right syntax to use near 'username = 'Admin',
				email = 'admin@magazine.com',
				password ='e4b8b6168' at line 1
May 23, 2020 12:58:04 pm : (run Query) : SQLSTATE[3D000]: Invalid catalog name: 1046 No database selected
May 23, 2020 12:58:04 pm : (run Query) : SQLSTATE[42000]: Syntax error or access violation: 1064 You have an error in your SQL syntax; check the manual that corresponds to your MariaDB server version for the right syntax to use near 'username = 'Admin',
				email = 'admin@magazine.com',
				password ='e4b8b6168' at line 1
May 23, 2020 01:00:42 pm : (run Query) : SQLSTATE[3D000]: Invalid catalog name: 1046 No database selected
May 23, 2020 01:00:42 pm : (run Query) : SQLSTATE[42000]: Syntax error or access violation: 1064 You have an error in your SQL syntax; check the manual that corresponds to your MariaDB server version for the right syntax to use near 'username = 'Admin',
				email = 'admin@magazine.com',
				password ='e4b8b6168' at line 1
May 23, 2020 01:00:43 pm : (run Query) : SQLSTATE[3D000]: Invalid catalog name: 1046 No database selected
May 23, 2020 01:00:43 pm : (run Query) : SQLSTATE[42000]: Syntax error or access violation: 1064 You have an error in your SQL syntax; check the manual that corresponds to your MariaDB server version for the right syntax to use near 'username = 'Admin',
				email = 'admin@magazine.com',
				password ='e4b8b6168' at line 1
May 23, 2020 01:00:43 pm : (run Query) : SQLSTATE[3D000]: Invalid catalog name: 1046 No database selected
May 23, 2020 01:00:43 pm : (run Query) : SQLSTATE[42000]: Syntax error or access violation: 1064 You have an error in your SQL syntax; check the manual that corresponds to your MariaDB server version for the right syntax to use near 'username = 'Admin',
				email = 'admin@magazine.com',
				password ='e4b8b6168' at line 1
May 23, 2020 01:00:43 pm : (run Query) : SQLSTATE[3D000]: Invalid catalog name: 1046 No database selected
May 23, 2020 01:00:43 pm : (run Query) : SQLSTATE[42000]: Syntax error or access violation: 1064 You have an error in your SQL syntax; check the manual that corresponds to your MariaDB server version for the right syntax to use near 'username = 'Admin',
				email = 'admin@magazine.com',
				password ='e4b8b6168' at line 1
May 23, 2020 01:00:44 pm : (run Query) : SQLSTATE[3D000]: Invalid catalog name: 1046 No database selected
May 23, 2020 01:00:44 pm : (run Query) : SQLSTATE[42000]: Syntax error or access violation: 1064 You have an error in your SQL syntax; check the manual that corresponds to your MariaDB server version for the right syntax to use near 'username = 'Admin',
				email = 'admin@magazine.com',
				password ='e4b8b6168' at line 1
May 23, 2020 01:00:44 pm : (run Query) : SQLSTATE[3D000]: Invalid catalog name: 1046 No database selected
May 23, 2020 01:00:44 pm : (run Query) : SQLSTATE[42000]: Syntax error or access violation: 1064 You have an error in your SQL syntax; check the manual that corresponds to your MariaDB server version for the right syntax to use near 'username = 'Admin',
				email = 'admin@magazine.com',
				password ='e4b8b6168' at line 1
May 23, 2020 01:00:44 pm : (run Query) : SQLSTATE[3D000]: Invalid catalog name: 1046 No database selected
May 23, 2020 01:00:44 pm : (run Query) : SQLSTATE[42000]: Syntax error or access violation: 1064 You have an error in your SQL syntax; check the manual that corresponds to your MariaDB server version for the right syntax to use near 'username = 'Admin',
				email = 'admin@magazine.com',
				password ='e4b8b6168' at line 1
May 23, 2020 01:00:44 pm : (run Query) : SQLSTATE[3D000]: Invalid catalog name: 1046 No database selected
May 23, 2020 01:00:44 pm : (run Query) : SQLSTATE[42000]: Syntax error or access violation: 1064 You have an error in your SQL syntax; check the manual that corresponds to your MariaDB server version for the right syntax to use near 'username = 'Admin',
				email = 'admin@magazine.com',
				password ='e4b8b6168' at line 1
May 23, 2020 01:00:44 pm : (run Query) : SQLSTATE[3D000]: Invalid catalog name: 1046 No database selected
May 23, 2020 01:00:44 pm : (run Query) : SQLSTATE[42000]: Syntax error or access violation: 1064 You have an error in your SQL syntax; check the manual that corresponds to your MariaDB server version for the right syntax to use near 'username = 'Admin',
				email = 'admin@magazine.com',
				password ='e4b8b6168' at line 1
May 23, 2020 01:00:45 pm : (run Query) : SQLSTATE[3D000]: Invalid catalog name: 1046 No database selected
May 23, 2020 01:00:45 pm : (run Query) : SQLSTATE[42000]: Syntax error or access violation: 1064 You have an error in your SQL syntax; check the manual that corresponds to your MariaDB server version for the right syntax to use near 'username = 'Admin',
				email = 'admin@magazine.com',
				password ='e4b8b6168' at line 1
May 23, 2020 01:00:45 pm : (run Query) : SQLSTATE[3D000]: Invalid catalog name: 1046 No database selected
May 23, 2020 01:00:45 pm : (run Query) : SQLSTATE[42000]: Syntax error or access violation: 1064 You have an error in your SQL syntax; check the manual that corresponds to your MariaDB server version for the right syntax to use near 'username = 'Admin',
				email = 'admin@magazine.com',
				password ='e4b8b6168' at line 1
May 23, 2020 01:00:45 pm : (run Query) : SQLSTATE[3D000]: Invalid catalog name: 1046 No database selected
May 23, 2020 01:00:45 pm : (run Query) : SQLSTATE[42000]: Syntax error or access violation: 1064 You have an error in your SQL syntax; check the manual that corresponds to your MariaDB server version for the right syntax to use near 'username = 'Admin',
				email = 'admin@magazine.com',
				password ='e4b8b6168' at line 1
May 23, 2020 01:00:46 pm : (run Query) : SQLSTATE[3D000]: Invalid catalog name: 1046 No database selected
May 23, 2020 01:00:46 pm : (run Query) : SQLSTATE[42000]: Syntax error or access violation: 1064 You have an error in your SQL syntax; check the manual that corresponds to your MariaDB server version for the right syntax to use near 'username = 'Admin',
				email = 'admin@magazine.com',
				password ='e4b8b6168' at line 1
May 23, 2020 01:00:46 pm : (run Query) : SQLSTATE[3D000]: Invalid catalog name: 1046 No database selected
May 23, 2020 01:00:46 pm : (run Query) : SQLSTATE[42000]: Syntax error or access violation: 1064 You have an error in your SQL syntax; check the manual that corresponds to your MariaDB server version for the right syntax to use near 'username = 'Admin',
				email = 'admin@magazine.com',
				password ='e4b8b6168' at line 1
May 23, 2020 01:00:46 pm : (run Query) : SQLSTATE[3D000]: Invalid catalog name: 1046 No database selected
May 23, 2020 01:00:46 pm : (run Query) : SQLSTATE[42000]: Syntax error or access violation: 1064 You have an error in your SQL syntax; check the manual that corresponds to your MariaDB server version for the right syntax to use near 'username = 'Admin',
				email = 'admin@magazine.com',
				password ='e4b8b6168' at line 1
May 23, 2020 01:00:46 pm : (run Query) : SQLSTATE[3D000]: Invalid catalog name: 1046 No database selected
May 23, 2020 01:00:46 pm : (run Query) : SQLSTATE[42000]: Syntax error or access violation: 1064 You have an error in your SQL syntax; check the manual that corresponds to your MariaDB server version for the right syntax to use near 'username = 'Admin',
				email = 'admin@magazine.com',
				password ='e4b8b6168' at line 1
May 23, 2020 01:00:46 pm : (run Query) : SQLSTATE[3D000]: Invalid catalog name: 1046 No database selected
May 23, 2020 01:00:46 pm : (run Query) : SQLSTATE[42000]: Syntax error or access violation: 1064 You have an error in your SQL syntax; check the manual that corresponds to your MariaDB server version for the right syntax to use near 'username = 'Admin',
				email = 'admin@magazine.com',
				password ='e4b8b6168' at line 1
May 23, 2020 01:00:47 pm : (run Query) : SQLSTATE[3D000]: Invalid catalog name: 1046 No database selected
May 23, 2020 01:00:47 pm : (run Query) : SQLSTATE[42000]: Syntax error or access violation: 1064 You have an error in your SQL syntax; check the manual that corresponds to your MariaDB server version for the right syntax to use near 'username = 'Admin',
				email = 'admin@magazine.com',
				password ='e4b8b6168' at line 1
May 23, 2020 01:00:47 pm : (run Query) : SQLSTATE[3D000]: Invalid catalog name: 1046 No database selected
May 23, 2020 01:00:47 pm : (run Query) : SQLSTATE[42000]: Syntax error or access violation: 1064 You have an error in your SQL syntax; check the manual that corresponds to your MariaDB server version for the right syntax to use near 'username = 'Admin',
				email = 'admin@magazine.com',
				password ='e4b8b6168' at line 1
May 23, 2020 01:02:01 pm : (run Query database) : SQLSTATE[3D000]: Invalid catalog name: 1046 No database selected
May 23, 2020 01:02:01 pm : (run Query database) : SQLSTATE[42000]: Syntax error or access violation: 1064 You have an error in your SQL syntax; check the manual that corresponds to your MariaDB server version for the right syntax to use near 'username = 'Admin',
				email = 'admin@magazine.com',
				password ='e4b8b6168' at line 1
May 23, 2020 01:02:02 pm : (run Query database) : SQLSTATE[3D000]: Invalid catalog name: 1046 No database selected
May 23, 2020 01:02:02 pm : (run Query database) : SQLSTATE[42000]: Syntax error or access violation: 1064 You have an error in your SQL syntax; check the manual that corresponds to your MariaDB server version for the right syntax to use near 'username = 'Admin',
				email = 'admin@magazine.com',
				password ='e4b8b6168' at line 1
May 23, 2020 01:02:02 pm : (run Query database) : SQLSTATE[3D000]: Invalid catalog name: 1046 No database selected
May 23, 2020 01:02:02 pm : (run Query database) : SQLSTATE[42000]: Syntax error or access violation: 1064 You have an error in your SQL syntax; check the manual that corresponds to your MariaDB server version for the right syntax to use near 'username = 'Admin',
				email = 'admin@magazine.com',
				password ='e4b8b6168' at line 1
May 23, 2020 01:02:02 pm : (run Query database) : SQLSTATE[3D000]: Invalid catalog name: 1046 No database selected
May 23, 2020 01:02:02 pm : (run Query database) : SQLSTATE[42000]: Syntax error or access violation: 1064 You have an error in your SQL syntax; check the manual that corresponds to your MariaDB server version for the right syntax to use near 'username = 'Admin',
				email = 'admin@magazine.com',
				password ='e4b8b6168' at line 1
May 23, 2020 01:02:06 pm : (run Query database) : SQLSTATE[3D000]: Invalid catalog name: 1046 No database selected
May 23, 2020 01:02:06 pm : (run Query database) : SQLSTATE[42000]: Syntax error or access violation: 1064 You have an error in your SQL syntax; check the manual that corresponds to your MariaDB server version for the right syntax to use near 'username = 'Admin',
				email = 'admin@magazine.com',
				password ='e4b8b6168' at line 1
May 23, 2020 01:02:06 pm : (run Query database) : SQLSTATE[3D000]: Invalid catalog name: 1046 No database selected
May 23, 2020 01:02:06 pm : (run Query database) : SQLSTATE[42000]: Syntax error or access violation: 1064 You have an error in your SQL syntax; check the manual that corresponds to your MariaDB server version for the right syntax to use near 'username = 'Admin',
				email = 'admin@magazine.com',
				password ='e4b8b6168' at line 1
May 23, 2020 01:02:06 pm : (run Query database) : SQLSTATE[3D000]: Invalid catalog name: 1046 No database selected
May 23, 2020 01:02:06 pm : (run Query database) : SQLSTATE[42000]: Syntax error or access violation: 1064 You have an error in your SQL syntax; check the manual that corresponds to your MariaDB server version for the right syntax to use near 'username = 'Admin',
				email = 'admin@magazine.com',
				password ='e4b8b6168' at line 1
May 23, 2020 01:02:06 pm : (run Query database) : SQLSTATE[3D000]: Invalid catalog name: 1046 No database selected
May 23, 2020 01:02:06 pm : (run Query database) : SQLSTATE[42000]: Syntax error or access violation: 1064 You have an error in your SQL syntax; check the manual that corresponds to your MariaDB server version for the right syntax to use near 'username = 'Admin',
				email = 'admin@magazine.com',
				password ='e4b8b6168' at line 1
May 23, 2020 01:02:06 pm : (run Query database) : SQLSTATE[3D000]: Invalid catalog name: 1046 No database selected
May 23, 2020 01:02:06 pm : (run Query database) : SQLSTATE[42000]: Syntax error or access violation: 1064 You have an error in your SQL syntax; check the manual that corresponds to your MariaDB server version for the right syntax to use near 'username = 'Admin',
				email = 'admin@magazine.com',
				password ='e4b8b6168' at line 1
May 23, 2020 01:02:07 pm : (run Query database) : SQLSTATE[3D000]: Invalid catalog name: 1046 No database selected
May 23, 2020 01:02:07 pm : (run Query database) : SQLSTATE[42000]: Syntax error or access violation: 1064 You have an error in your SQL syntax; check the manual that corresponds to your MariaDB server version for the right syntax to use near 'username = 'Admin',
				email = 'admin@magazine.com',
				password ='e4b8b6168' at line 1
May 23, 2020 01:02:07 pm : (run Query database) : SQLSTATE[3D000]: Invalid catalog name: 1046 No database selected
May 23, 2020 01:02:07 pm : (run Query database) : SQLSTATE[42000]: Syntax error or access violation: 1064 You have an error in your SQL syntax; check the manual that corresponds to your MariaDB server version for the right syntax to use near 'username = 'Admin',
				email = 'admin@magazine.com',
				password ='e4b8b6168' at line 1
May 23, 2020 01:02:07 pm : (run Query database) : SQLSTATE[3D000]: Invalid catalog name: 1046 No database selected
May 23, 2020 01:02:07 pm : (run Query database) : SQLSTATE[42000]: Syntax error or access violation: 1064 You have an error in your SQL syntax; check the manual that corresponds to your MariaDB server version for the right syntax to use near 'username = 'Admin',
				email = 'admin@magazine.com',
				password ='e4b8b6168' at line 1
May 23, 2020 01:02:07 pm : (run Query database) : SQLSTATE[3D000]: Invalid catalog name: 1046 No database selected
May 23, 2020 01:02:07 pm : (run Query database) : SQLSTATE[42000]: Syntax error or access violation: 1064 You have an error in your SQL syntax; check the manual that corresponds to your MariaDB server version for the right syntax to use near 'username = 'Admin',
				email = 'admin@magazine.com',
				password ='e4b8b6168' at line 1
May 23, 2020 01:02:07 pm : (run Query database) : SQLSTATE[3D000]: Invalid catalog name: 1046 No database selected
May 23, 2020 01:02:07 pm : (run Query database) : SQLSTATE[42000]: Syntax error or access violation: 1064 You have an error in your SQL syntax; check the manual that corresponds to your MariaDB server version for the right syntax to use near 'username = 'Admin',
				email = 'admin@magazine.com',
				password ='e4b8b6168' at line 1
May 23, 2020 01:03:31 pm : (run Query database) : SQLSTATE[42000]: Syntax error or access violation: 1064 You have an error in your SQL syntax; check the manual that corresponds to your MariaDB server version for the right syntax to use near 'current_timestand
					)' at line 14
May 23, 2020 01:03:31 pm : (run Query database) : SQLSTATE[42000]: Syntax error or access violation: 1064 You have an error in your SQL syntax; check the manual that corresponds to your MariaDB server version for the right syntax to use near 'username = 'Admin',
				email = 'admin@magazine.com',
				password ='e4b8b6168' at line 1
May 23, 2020 01:03:31 pm : (run Query database) : SQLSTATE[42000]: Syntax error or access violation: 1064 You have an error in your SQL syntax; check the manual that corresponds to your MariaDB server version for the right syntax to use near 'current_timestand
					)' at line 14
May 23, 2020 01:03:31 pm : (run Query database) : SQLSTATE[42000]: Syntax error or access violation: 1064 You have an error in your SQL syntax; check the manual that corresponds to your MariaDB server version for the right syntax to use near 'username = 'Admin',
				email = 'admin@magazine.com',
				password ='e4b8b6168' at line 1
May 23, 2020 01:03:32 pm : (run Query database) : SQLSTATE[42000]: Syntax error or access violation: 1064 You have an error in your SQL syntax; check the manual that corresponds to your MariaDB server version for the right syntax to use near 'current_timestand
					)' at line 14
May 23, 2020 01:03:32 pm : (run Query database) : SQLSTATE[42000]: Syntax error or access violation: 1064 You have an error in your SQL syntax; check the manual that corresponds to your MariaDB server version for the right syntax to use near 'username = 'Admin',
				email = 'admin@magazine.com',
				password ='e4b8b6168' at line 1
May 23, 2020 01:03:32 pm : (run Query database) : SQLSTATE[42000]: Syntax error or access violation: 1064 You have an error in your SQL syntax; check the manual that corresponds to your MariaDB server version for the right syntax to use near 'current_timestand
					)' at line 14
May 23, 2020 01:03:32 pm : (run Query database) : SQLSTATE[42000]: Syntax error or access violation: 1064 You have an error in your SQL syntax; check the manual that corresponds to your MariaDB server version for the right syntax to use near 'username = 'Admin',
				email = 'admin@magazine.com',
				password ='e4b8b6168' at line 1
May 23, 2020 01:03:32 pm : (run Query database) : SQLSTATE[42000]: Syntax error or access violation: 1064 You have an error in your SQL syntax; check the manual that corresponds to your MariaDB server version for the right syntax to use near 'current_timestand
					)' at line 14
May 23, 2020 01:03:32 pm : (run Query database) : SQLSTATE[42000]: Syntax error or access violation: 1064 You have an error in your SQL syntax; check the manual that corresponds to your MariaDB server version for the right syntax to use near 'username = 'Admin',
				email = 'admin@magazine.com',
				password ='e4b8b6168' at line 1
May 23, 2020 01:03:32 pm : (run Query database) : SQLSTATE[42000]: Syntax error or access violation: 1064 You have an error in your SQL syntax; check the manual that corresponds to your MariaDB server version for the right syntax to use near 'current_timestand
					)' at line 14
May 23, 2020 01:03:32 pm : (run Query database) : SQLSTATE[42000]: Syntax error or access violation: 1064 You have an error in your SQL syntax; check the manual that corresponds to your MariaDB server version for the right syntax to use near 'username = 'Admin',
				email = 'admin@magazine.com',
				password ='e4b8b6168' at line 1
May 23, 2020 01:03:36 pm : (run Query database) : SQLSTATE[42000]: Syntax error or access violation: 1064 You have an error in your SQL syntax; check the manual that corresponds to your MariaDB server version for the right syntax to use near 'current_timestand
					)' at line 14
May 23, 2020 01:03:36 pm : (run Query database) : SQLSTATE[42000]: Syntax error or access violation: 1064 You have an error in your SQL syntax; check the manual that corresponds to your MariaDB server version for the right syntax to use near 'username = 'Admin',
				email = 'admin@magazine.com',
				password ='e4b8b6168' at line 1
May 23, 2020 01:03:36 pm : (run Query database) : SQLSTATE[42000]: Syntax error or access violation: 1064 You have an error in your SQL syntax; check the manual that corresponds to your MariaDB server version for the right syntax to use near 'current_timestand
					)' at line 14
May 23, 2020 01:03:36 pm : (run Query database) : SQLSTATE[42000]: Syntax error or access violation: 1064 You have an error in your SQL syntax; check the manual that corresponds to your MariaDB server version for the right syntax to use near 'username = 'Admin',
				email = 'admin@magazine.com',
				password ='e4b8b6168' at line 1
May 23, 2020 01:03:36 pm : (run Query database) : SQLSTATE[42000]: Syntax error or access violation: 1064 You have an error in your SQL syntax; check the manual that corresponds to your MariaDB server version for the right syntax to use near 'current_timestand
					)' at line 14
May 23, 2020 01:03:36 pm : (run Query database) : SQLSTATE[42000]: Syntax error or access violation: 1064 You have an error in your SQL syntax; check the manual that corresponds to your MariaDB server version for the right syntax to use near 'username = 'Admin',
				email = 'admin@magazine.com',
				password ='e4b8b6168' at line 1
May 23, 2020 01:03:36 pm : (run Query database) : SQLSTATE[42000]: Syntax error or access violation: 1064 You have an error in your SQL syntax; check the manual that corresponds to your MariaDB server version for the right syntax to use near 'current_timestand
					)' at line 14
May 23, 2020 01:03:36 pm : (run Query database) : SQLSTATE[42000]: Syntax error or access violation: 1064 You have an error in your SQL syntax; check the manual that corresponds to your MariaDB server version for the right syntax to use near 'username = 'Admin',
				email = 'admin@magazine.com',
				password ='e4b8b6168' at line 1
May 23, 2020 01:07:34 pm : (run Query database) : SQLSTATE[42000]: Syntax error or access violation: 1064 You have an error in your SQL syntax; check the manual that corresponds to your MariaDB server version for the right syntax to use near 'current_timestand
					)' at line 14
May 23, 2020 01:07:34 pm : (run Query database) : SQLSTATE[42000]: Syntax error or access violation: 1064 You have an error in your SQL syntax; check the manual that corresponds to your MariaDB server version for the right syntax to use near 'username = 'Admin',
				email = 'admin@magazine.com',
				password ='e4b8b6168' at line 1
May 23, 2020 01:07:34 pm : (run Query database) : SQLSTATE[42000]: Syntax error or access violation: 1064 You have an error in your SQL syntax; check the manual that corresponds to your MariaDB server version for the right syntax to use near 'current_timestand
					)' at line 14
May 23, 2020 01:07:34 pm : (run Query database) : SQLSTATE[42000]: Syntax error or access violation: 1064 You have an error in your SQL syntax; check the manual that corresponds to your MariaDB server version for the right syntax to use near 'username = 'Admin',
				email = 'admin@magazine.com',
				password ='e4b8b6168' at line 1
May 23, 2020 01:07:35 pm : (run Query database) : SQLSTATE[42000]: Syntax error or access violation: 1064 You have an error in your SQL syntax; check the manual that corresponds to your MariaDB server version for the right syntax to use near 'current_timestand
					)' at line 14
May 23, 2020 01:07:35 pm : (run Query database) : SQLSTATE[42000]: Syntax error or access violation: 1064 You have an error in your SQL syntax; check the manual that corresponds to your MariaDB server version for the right syntax to use near 'username = 'Admin',
				email = 'admin@magazine.com',
				password ='e4b8b6168' at line 1
May 23, 2020 01:07:35 pm : (run Query database) : SQLSTATE[42000]: Syntax error or access violation: 1064 You have an error in your SQL syntax; check the manual that corresponds to your MariaDB server version for the right syntax to use near 'current_timestand
					)' at line 14
May 23, 2020 01:07:35 pm : (run Query database) : SQLSTATE[42000]: Syntax error or access violation: 1064 You have an error in your SQL syntax; check the manual that corresponds to your MariaDB server version for the right syntax to use near 'username = 'Admin',
				email = 'admin@magazine.com',
				password ='e4b8b6168' at line 1
May 23, 2020 01:08:08 pm:(DB Connection) : SQLSTATE[HY000] [1049] Unknown database 'khwopa'
May 23, 2020 01:08:49 pm : (run Query database) : SQLSTATE[42000]: Syntax error or access violation: 1064 You have an error in your SQL syntax; check the manual that corresponds to your MariaDB server version for the right syntax to use near 'current_timestand
					)' at line 14
May 23, 2020 01:08:49 pm : (run Query database) : SQLSTATE[42000]: Syntax error or access violation: 1064 You have an error in your SQL syntax; check the manual that corresponds to your MariaDB server version for the right syntax to use near 'username = 'Admin',
				email = 'admin@magazine.com',
				password ='e4b8b6168' at line 1
May 23, 2020 01:16:05 pm : (run Query database) : SQLSTATE[42000]: Syntax error or access violation: 1064 You have an error in your SQL syntax; check the manual that corresponds to your MariaDB server version for the right syntax to use near 'current_timestand
					)' at line 14
May 23, 2020 01:16:05 pm : (run Query database) : SQLSTATE[42000]: Syntax error or access violation: 1064 You have an error in your SQL syntax; check the manual that corresponds to your MariaDB server version for the right syntax to use near 'username = 'Admin',
				email = 'admin@magazine.com',
				password ='e4b8b6168' at line 1
May 23, 2020 01:16:05 pm : (run Query database) : SQLSTATE[42000]: Syntax error or access violation: 1064 You have an error in your SQL syntax; check the manual that corresponds to your MariaDB server version for the right syntax to use near 'current_timestand
					)' at line 14
May 23, 2020 01:16:05 pm : (run Query database) : SQLSTATE[42000]: Syntax error or access violation: 1064 You have an error in your SQL syntax; check the manual that corresponds to your MariaDB server version for the right syntax to use near 'username = 'Admin',
				email = 'admin@magazine.com',
				password ='e4b8b6168' at line 1
May 23, 2020 01:16:06 pm : (run Query database) : SQLSTATE[42000]: Syntax error or access violation: 1064 You have an error in your SQL syntax; check the manual that corresponds to your MariaDB server version for the right syntax to use near 'current_timestand
					)' at line 14
May 23, 2020 01:16:06 pm : (run Query database) : SQLSTATE[42000]: Syntax error or access violation: 1064 You have an error in your SQL syntax; check the manual that corresponds to your MariaDB server version for the right syntax to use near 'username = 'Admin',
				email = 'admin@magazine.com',
				password ='e4b8b6168' at line 1
May 23, 2020 01:16:06 pm : (run Query database) : SQLSTATE[42000]: Syntax error or access violation: 1064 You have an error in your SQL syntax; check the manual that corresponds to your MariaDB server version for the right syntax to use near 'current_timestand
					)' at line 14
May 23, 2020 01:16:06 pm : (run Query database) : SQLSTATE[42000]: Syntax error or access violation: 1064 You have an error in your SQL syntax; check the manual that corresponds to your MariaDB server version for the right syntax to use near 'username = 'Admin',
				email = 'admin@magazine.com',
				password ='e4b8b6168' at line 1
May 23, 2020 01:16:06 pm : (run Query database) : SQLSTATE[42000]: Syntax error or access violation: 1064 You have an error in your SQL syntax; check the manual that corresponds to your MariaDB server version for the right syntax to use near 'current_timestand
					)' at line 14
May 23, 2020 01:16:06 pm : (run Query database) : SQLSTATE[42000]: Syntax error or access violation: 1064 You have an error in your SQL syntax; check the manual that corresponds to your MariaDB server version for the right syntax to use near 'username = 'Admin',
				email = 'admin@magazine.com',
				password ='e4b8b6168' at line 1
May 23, 2020 01:16:06 pm : (run Query database) : SQLSTATE[42000]: Syntax error or access violation: 1064 You have an error in your SQL syntax; check the manual that corresponds to your MariaDB server version for the right syntax to use near 'current_timestand
					)' at line 14
May 23, 2020 01:16:06 pm : (run Query database) : SQLSTATE[42000]: Syntax error or access violation: 1064 You have an error in your SQL syntax; check the manual that corresponds to your MariaDB server version for the right syntax to use near 'username = 'Admin',
				email = 'admin@magazine.com',
				password ='e4b8b6168' at line 1
May 23, 2020 01:16:06 pm : (run Query database) : SQLSTATE[42000]: Syntax error or access violation: 1064 You have an error in your SQL syntax; check the manual that corresponds to your MariaDB server version for the right syntax to use near 'current_timestand
					)' at line 14
May 23, 2020 01:16:06 pm : (run Query database) : SQLSTATE[42000]: Syntax error or access violation: 1064 You have an error in your SQL syntax; check the manual that corresponds to your MariaDB server version for the right syntax to use near 'username = 'Admin',
				email = 'admin@magazine.com',
				password ='e4b8b6168' at line 1
May 23, 2020 01:16:06 pm : (run Query database) : SQLSTATE[42000]: Syntax error or access violation: 1064 You have an error in your SQL syntax; check the manual that corresponds to your MariaDB server version for the right syntax to use near 'current_timestand
					)' at line 14
May 23, 2020 01:16:06 pm : (run Query database) : SQLSTATE[42000]: Syntax error or access violation: 1064 You have an error in your SQL syntax; check the manual that corresponds to your MariaDB server version for the right syntax to use near 'username = 'Admin',
				email = 'admin@magazine.com',
				password ='e4b8b6168' at line 1
May 23, 2020 01:16:07 pm : (run Query database) : SQLSTATE[42000]: Syntax error or access violation: 1064 You have an error in your SQL syntax; check the manual that corresponds to your MariaDB server version for the right syntax to use near 'current_timestand
					)' at line 14
May 23, 2020 01:16:07 pm : (run Query database) : SQLSTATE[42000]: Syntax error or access violation: 1064 You have an error in your SQL syntax; check the manual that corresponds to your MariaDB server version for the right syntax to use near 'username = 'Admin',
				email = 'admin@magazine.com',
				password ='e4b8b6168' at line 1
May 23, 2020 01:16:07 pm : (run Query database) : SQLSTATE[42000]: Syntax error or access violation: 1064 You have an error in your SQL syntax; check the manual that corresponds to your MariaDB server version for the right syntax to use near 'current_timestand
					)' at line 14
May 23, 2020 01:16:07 pm : (run Query database) : SQLSTATE[42000]: Syntax error or access violation: 1064 You have an error in your SQL syntax; check the manual that corresponds to your MariaDB server version for the right syntax to use near 'username = 'Admin',
				email = 'admin@magazine.com',
				password ='e4b8b6168' at line 1
May 23, 2020 01:16:07 pm : (run Query database) : SQLSTATE[42000]: Syntax error or access violation: 1064 You have an error in your SQL syntax; check the manual that corresponds to your MariaDB server version for the right syntax to use near 'current_timestand
					)' at line 14
May 23, 2020 01:16:07 pm : (run Query database) : SQLSTATE[42000]: Syntax error or access violation: 1064 You have an error in your SQL syntax; check the manual that corresponds to your MariaDB server version for the right syntax to use near 'username = 'Admin',
				email = 'admin@magazine.com',
				password ='e4b8b6168' at line 1
May 23, 2020 01:19:26 pm : (run Query database) : SQLSTATE[42000]: Syntax error or access violation: 1064 You have an error in your SQL syntax; check the manual that corresponds to your MariaDB server version for the right syntax to use near 'current_timestand
					)' at line 14
May 23, 2020 01:19:26 pm : (run Query database) : SQLSTATE[42000]: Syntax error or access violation: 1064 You have an error in your SQL syntax; check the manual that corresponds to your MariaDB server version for the right syntax to use near 'username = 'Admin',
				email = 'admin@magazine.com',
				password ='e4b8b6168' at line 1
May 23, 2020 01:19:26 pm : (run Query database) : SQLSTATE[42000]: Syntax error or access violation: 1064 You have an error in your SQL syntax; check the manual that corresponds to your MariaDB server version for the right syntax to use near 'current_timestand
					)' at line 14
May 23, 2020 01:19:26 pm : (run Query database) : SQLSTATE[42000]: Syntax error or access violation: 1064 You have an error in your SQL syntax; check the manual that corresponds to your MariaDB server version for the right syntax to use near 'username = 'Admin',
				email = 'admin@magazine.com',
				password ='e4b8b6168' at line 1
May 23, 2020 01:19:27 pm : (run Query database) : SQLSTATE[42000]: Syntax error or access violation: 1064 You have an error in your SQL syntax; check the manual that corresponds to your MariaDB server version for the right syntax to use near 'current_timestand
					)' at line 14
May 23, 2020 01:19:27 pm : (run Query database) : SQLSTATE[42000]: Syntax error or access violation: 1064 You have an error in your SQL syntax; check the manual that corresponds to your MariaDB server version for the right syntax to use near 'username = 'Admin',
				email = 'admin@magazine.com',
				password ='e4b8b6168' at line 1
May 23, 2020 01:19:27 pm : (run Query database) : SQLSTATE[42000]: Syntax error or access violation: 1064 You have an error in your SQL syntax; check the manual that corresponds to your MariaDB server version for the right syntax to use near 'current_timestand
					)' at line 14
May 23, 2020 01:19:27 pm : (run Query database) : SQLSTATE[42000]: Syntax error or access violation: 1064 You have an error in your SQL syntax; check the manual that corresponds to your MariaDB server version for the right syntax to use near 'username = 'Admin',
				email = 'admin@magazine.com',
				password ='e4b8b6168' at line 1
May 23, 2020 01:19:27 pm : (run Query database) : SQLSTATE[42000]: Syntax error or access violation: 1064 You have an error in your SQL syntax; check the manual that corresponds to your MariaDB server version for the right syntax to use near 'current_timestand
					)' at line 14
May 23, 2020 01:19:27 pm : (run Query database) : SQLSTATE[42000]: Syntax error or access violation: 1064 You have an error in your SQL syntax; check the manual that corresponds to your MariaDB server version for the right syntax to use near 'username = 'Admin',
				email = 'admin@magazine.com',
				password ='e4b8b6168' at line 1
May 23, 2020 01:19:27 pm : (run Query database) : SQLSTATE[42000]: Syntax error or access violation: 1064 You have an error in your SQL syntax; check the manual that corresponds to your MariaDB server version for the right syntax to use near 'current_timestand
					)' at line 14
May 23, 2020 01:19:27 pm : (run Query database) : SQLSTATE[42000]: Syntax error or access violation: 1064 You have an error in your SQL syntax; check the manual that corresponds to your MariaDB server version for the right syntax to use near 'username = 'Admin',
				email = 'admin@magazine.com',
				password ='e4b8b6168' at line 1
May 23, 2020 01:22:23 pm : (run Query database) : SQLSTATE[42000]: Syntax error or access violation: 1064 You have an error in your SQL syntax; check the manual that corresponds to your MariaDB server version for the right syntax to use near 'current_timestand
					)' at line 14
May 23, 2020 01:22:23 pm : (run Query database) : SQLSTATE[42000]: Syntax error or access violation: 1064 You have an error in your SQL syntax; check the manual that corresponds to your MariaDB server version for the right syntax to use near 'username = 'Admin',
				email = 'admin@magazine.com',
				password ='e4b8b6168' at line 1
May 23, 2020 01:22:23 pm : (run Query database) : SQLSTATE[42000]: Syntax error or access violation: 1064 You have an error in your SQL syntax; check the manual that corresponds to your MariaDB server version for the right syntax to use near 'current_timestand
					)' at line 14
May 23, 2020 01:22:23 pm : (run Query database) : SQLSTATE[42000]: Syntax error or access violation: 1064 You have an error in your SQL syntax; check the manual that corresponds to your MariaDB server version for the right syntax to use near 'username = 'Admin',
				email = 'admin@magazine.com',
				password ='e4b8b6168' at line 1
May 23, 2020 01:22:24 pm : (run Query database) : SQLSTATE[42000]: Syntax error or access violation: 1064 You have an error in your SQL syntax; check the manual that corresponds to your MariaDB server version for the right syntax to use near 'current_timestand
					)' at line 14
May 23, 2020 01:22:24 pm : (run Query database) : SQLSTATE[42000]: Syntax error or access violation: 1064 You have an error in your SQL syntax; check the manual that corresponds to your MariaDB server version for the right syntax to use near 'username = 'Admin',
				email = 'admin@magazine.com',
				password ='e4b8b6168' at line 1
May 23, 2020 01:22:24 pm : (run Query database) : SQLSTATE[42000]: Syntax error or access violation: 1064 You have an error in your SQL syntax; check the manual that corresponds to your MariaDB server version for the right syntax to use near 'current_timestand
					)' at line 14
May 23, 2020 01:22:24 pm : (run Query database) : SQLSTATE[42000]: Syntax error or access violation: 1064 You have an error in your SQL syntax; check the manual that corresponds to your MariaDB server version for the right syntax to use near 'username = 'Admin',
				email = 'admin@magazine.com',
				password ='e4b8b6168' at line 1
May 23, 2020 01:22:24 pm : (run Query database) : SQLSTATE[42000]: Syntax error or access violation: 1064 You have an error in your SQL syntax; check the manual that corresponds to your MariaDB server version for the right syntax to use near 'current_timestand
					)' at line 14
May 23, 2020 01:22:24 pm : (run Query database) : SQLSTATE[42000]: Syntax error or access violation: 1064 You have an error in your SQL syntax; check the manual that corresponds to your MariaDB server version for the right syntax to use near 'username = 'Admin',
				email = 'admin@magazine.com',
				password ='e4b8b6168' at line 1
May 23, 2020 01:22:24 pm : (run Query database) : SQLSTATE[42000]: Syntax error or access violation: 1064 You have an error in your SQL syntax; check the manual that corresponds to your MariaDB server version for the right syntax to use near 'current_timestand
					)' at line 14
May 23, 2020 01:22:24 pm : (run Query database) : SQLSTATE[42000]: Syntax error or access violation: 1064 You have an error in your SQL syntax; check the manual that corresponds to your MariaDB server version for the right syntax to use near 'username = 'Admin',
				email = 'admin@magazine.com',
				password ='e4b8b6168' at line 1
May 23, 2020 01:22:24 pm : (run Query database) : SQLSTATE[42000]: Syntax error or access violation: 1064 You have an error in your SQL syntax; check the manual that corresponds to your MariaDB server version for the right syntax to use near 'current_timestand
					)' at line 14
May 23, 2020 01:22:24 pm : (run Query database) : SQLSTATE[42000]: Syntax error or access violation: 1064 You have an error in your SQL syntax; check the manual that corresponds to your MariaDB server version for the right syntax to use near 'username = 'Admin',
				email = 'admin@magazine.com',
				password ='e4b8b6168' at line 1
May 23, 2020 01:22:24 pm : (run Query database) : SQLSTATE[42000]: Syntax error or access violation: 1064 You have an error in your SQL syntax; check the manual that corresponds to your MariaDB server version for the right syntax to use near 'current_timestand
					)' at line 14
May 23, 2020 01:22:24 pm : (run Query database) : SQLSTATE[42000]: Syntax error or access violation: 1064 You have an error in your SQL syntax; check the manual that corresponds to your MariaDB server version for the right syntax to use near 'username = 'Admin',
				email = 'admin@magazine.com',
				password ='e4b8b6168' at line 1
May 23, 2020 01:22:25 pm : (run Query database) : SQLSTATE[42000]: Syntax error or access violation: 1064 You have an error in your SQL syntax; check the manual that corresponds to your MariaDB server version for the right syntax to use near 'current_timestand
					)' at line 14
May 23, 2020 01:22:25 pm : (run Query database) : SQLSTATE[42000]: Syntax error or access violation: 1064 You have an error in your SQL syntax; check the manual that corresponds to your MariaDB server version for the right syntax to use near 'username = 'Admin',
				email = 'admin@magazine.com',
				password ='e4b8b6168' at line 1
May 23, 2020 01:22:25 pm : (run Query database) : SQLSTATE[42000]: Syntax error or access violation: 1064 You have an error in your SQL syntax; check the manual that corresponds to your MariaDB server version for the right syntax to use near 'current_timestand
					)' at line 14
May 23, 2020 01:22:25 pm : (run Query database) : SQLSTATE[42000]: Syntax error or access violation: 1064 You have an error in your SQL syntax; check the manual that corresponds to your MariaDB server version for the right syntax to use near 'username = 'Admin',
				email = 'admin@magazine.com',
				password ='e4b8b6168' at line 1
May 23, 2020 01:22:25 pm : (run Query database) : SQLSTATE[42000]: Syntax error or access violation: 1064 You have an error in your SQL syntax; check the manual that corresponds to your MariaDB server version for the right syntax to use near 'current_timestand
					)' at line 14
May 23, 2020 01:22:25 pm : (run Query database) : SQLSTATE[42000]: Syntax error or access violation: 1064 You have an error in your SQL syntax; check the manual that corresponds to your MariaDB server version for the right syntax to use near 'username = 'Admin',
				email = 'admin@magazine.com',
				password ='e4b8b6168' at line 1
May 23, 2020 01:22:25 pm : (run Query database) : SQLSTATE[42000]: Syntax error or access violation: 1064 You have an error in your SQL syntax; check the manual that corresponds to your MariaDB server version for the right syntax to use near 'current_timestand
					)' at line 14
May 23, 2020 01:22:25 pm : (run Query database) : SQLSTATE[42000]: Syntax error or access violation: 1064 You have an error in your SQL syntax; check the manual that corresponds to your MariaDB server version for the right syntax to use near 'username = 'Admin',
				email = 'admin@magazine.com',
				password ='e4b8b6168' at line 1
May 23, 2020 01:22:25 pm : (run Query database) : SQLSTATE[42000]: Syntax error or access violation: 1064 You have an error in your SQL syntax; check the manual that corresponds to your MariaDB server version for the right syntax to use near 'current_timestand
					)' at line 14
May 23, 2020 01:22:25 pm : (run Query database) : SQLSTATE[42000]: Syntax error or access violation: 1064 You have an error in your SQL syntax; check the manual that corresponds to your MariaDB server version for the right syntax to use near 'username = 'Admin',
				email = 'admin@magazine.com',
				password ='e4b8b6168' at line 1
May 23, 2020 01:22:25 pm : (run Query database) : SQLSTATE[42000]: Syntax error or access violation: 1064 You have an error in your SQL syntax; check the manual that corresponds to your MariaDB server version for the right syntax to use near 'current_timestand
					)' at line 14
May 23, 2020 01:22:25 pm : (run Query database) : SQLSTATE[42000]: Syntax error or access violation: 1064 You have an error in your SQL syntax; check the manual that corresponds to your MariaDB server version for the right syntax to use near 'username = 'Admin',
				email = 'admin@magazine.com',
				password ='e4b8b6168' at line 1
May 23, 2020 01:22:26 pm : (run Query database) : SQLSTATE[42000]: Syntax error or access violation: 1064 You have an error in your SQL syntax; check the manual that corresponds to your MariaDB server version for the right syntax to use near 'current_timestand
					)' at line 14
May 23, 2020 01:22:26 pm : (run Query database) : SQLSTATE[42000]: Syntax error or access violation: 1064 You have an error in your SQL syntax; check the manual that corresponds to your MariaDB server version for the right syntax to use near 'username = 'Admin',
				email = 'admin@magazine.com',
				password ='e4b8b6168' at line 1
May 23, 2020 01:22:26 pm : (run Query database) : SQLSTATE[42000]: Syntax error or access violation: 1064 You have an error in your SQL syntax; check the manual that corresponds to your MariaDB server version for the right syntax to use near 'current_timestand
					)' at line 14
May 23, 2020 01:22:26 pm : (run Query database) : SQLSTATE[42000]: Syntax error or access violation: 1064 You have an error in your SQL syntax; check the manual that corresponds to your MariaDB server version for the right syntax to use near 'username = 'Admin',
				email = 'admin@magazine.com',
				password ='e4b8b6168' at line 1
May 23, 2020 01:22:26 pm : (run Query database) : SQLSTATE[42000]: Syntax error or access violation: 1064 You have an error in your SQL syntax; check the manual that corresponds to your MariaDB server version for the right syntax to use near 'current_timestand
					)' at line 14
May 23, 2020 01:22:26 pm : (run Query database) : SQLSTATE[42000]: Syntax error or access violation: 1064 You have an error in your SQL syntax; check the manual that corresponds to your MariaDB server version for the right syntax to use near 'username = 'Admin',
				email = 'admin@magazine.com',
				password ='e4b8b6168' at line 1
May 23, 2020 01:22:26 pm : (run Query database) : SQLSTATE[42000]: Syntax error or access violation: 1064 You have an error in your SQL syntax; check the manual that corresponds to your MariaDB server version for the right syntax to use near 'current_timestand
					)' at line 14
May 23, 2020 01:22:26 pm : (run Query database) : SQLSTATE[42000]: Syntax error or access violation: 1064 You have an error in your SQL syntax; check the manual that corresponds to your MariaDB server version for the right syntax to use near 'username = 'Admin',
				email = 'admin@magazine.com',
				password ='e4b8b6168' at line 1
May 23, 2020 01:22:26 pm : (run Query database) : SQLSTATE[42000]: Syntax error or access violation: 1064 You have an error in your SQL syntax; check the manual that corresponds to your MariaDB server version for the right syntax to use near 'current_timestand
					)' at line 14
May 23, 2020 01:22:26 pm : (run Query database) : SQLSTATE[42000]: Syntax error or access violation: 1064 You have an error in your SQL syntax; check the manual that corresponds to your MariaDB server version for the right syntax to use near 'username = 'Admin',
				email = 'admin@magazine.com',
				password ='e4b8b6168' at line 1
May 23, 2020 01:22:27 pm : (run Query database) : SQLSTATE[42000]: Syntax error or access violation: 1064 You have an error in your SQL syntax; check the manual that corresponds to your MariaDB server version for the right syntax to use near 'current_timestand
					)' at line 14
May 23, 2020 01:22:27 pm : (run Query database) : SQLSTATE[42000]: Syntax error or access violation: 1064 You have an error in your SQL syntax; check the manual that corresponds to your MariaDB server version for the right syntax to use near 'username = 'Admin',
				email = 'admin@magazine.com',
				password ='e4b8b6168' at line 1
May 23, 2020 01:22:27 pm : (run Query database) : SQLSTATE[42000]: Syntax error or access violation: 1064 You have an error in your SQL syntax; check the manual that corresponds to your MariaDB server version for the right syntax to use near 'current_timestand
					)' at line 14
May 23, 2020 01:22:27 pm : (run Query database) : SQLSTATE[42000]: Syntax error or access violation: 1064 You have an error in your SQL syntax; check the manual that corresponds to your MariaDB server version for the right syntax to use near 'username = 'Admin',
				email = 'admin@magazine.com',
				password ='e4b8b6168' at line 1
May 23, 2020 01:22:27 pm : (run Query database) : SQLSTATE[42000]: Syntax error or access violation: 1064 You have an error in your SQL syntax; check the manual that corresponds to your MariaDB server version for the right syntax to use near 'current_timestand
					)' at line 14
May 23, 2020 01:22:27 pm : (run Query database) : SQLSTATE[42000]: Syntax error or access violation: 1064 You have an error in your SQL syntax; check the manual that corresponds to your MariaDB server version for the right syntax to use near 'username = 'Admin',
				email = 'admin@magazine.com',
				password ='e4b8b6168' at line 1
May 23, 2020 01:22:27 pm : (run Query database) : SQLSTATE[42000]: Syntax error or access violation: 1064 You have an error in your SQL syntax; check the manual that corresponds to your MariaDB server version for the right syntax to use near 'current_timestand
					)' at line 14
May 23, 2020 01:22:27 pm : (run Query database) : SQLSTATE[42000]: Syntax error or access violation: 1064 You have an error in your SQL syntax; check the manual that corresponds to your MariaDB server version for the right syntax to use near 'username = 'Admin',
				email = 'admin@magazine.com',
				password ='e4b8b6168' at line 1
May 23, 2020 01:26:31 pm : (run Query database) : SQLSTATE[42000]: Syntax error or access violation: 1064 You have an error in your SQL syntax; check the manual that corresponds to your MariaDB server version for the right syntax to use near 'current_timestand
					)' at line 14
May 23, 2020 01:26:31 pm : (run Query database) : SQLSTATE[42000]: Syntax error or access violation: 1064 You have an error in your SQL syntax; check the manual that corresponds to your MariaDB server version for the right syntax to use near 'username = 'Admin',
				email = 'admin@magazine.com',
				password ='e4b8b6168' at line 1
May 23, 2020 01:26:32 pm : (run Query database) : SQLSTATE[42000]: Syntax error or access violation: 1064 You have an error in your SQL syntax; check the manual that corresponds to your MariaDB server version for the right syntax to use near 'current_timestand
					)' at line 14
May 23, 2020 01:26:32 pm : (run Query database) : SQLSTATE[42000]: Syntax error or access violation: 1064 You have an error in your SQL syntax; check the manual that corresponds to your MariaDB server version for the right syntax to use near 'username = 'Admin',
				email = 'admin@magazine.com',
				password ='e4b8b6168' at line 1
May 23, 2020 01:26:32 pm : (run Query database) : SQLSTATE[42000]: Syntax error or access violation: 1064 You have an error in your SQL syntax; check the manual that corresponds to your MariaDB server version for the right syntax to use near 'current_timestand
					)' at line 14
May 23, 2020 01:26:32 pm : (run Query database) : SQLSTATE[42000]: Syntax error or access violation: 1064 You have an error in your SQL syntax; check the manual that corresponds to your MariaDB server version for the right syntax to use near 'username = 'Admin',
				email = 'admin@magazine.com',
				password ='e4b8b6168' at line 1
May 23, 2020 01:26:32 pm : (run Query database) : SQLSTATE[42000]: Syntax error or access violation: 1064 You have an error in your SQL syntax; check the manual that corresponds to your MariaDB server version for the right syntax to use near 'current_timestand
					)' at line 14
May 23, 2020 01:26:32 pm : (run Query database) : SQLSTATE[42000]: Syntax error or access violation: 1064 You have an error in your SQL syntax; check the manual that corresponds to your MariaDB server version for the right syntax to use near 'username = 'Admin',
				email = 'admin@magazine.com',
				password ='e4b8b6168' at line 1
May 23, 2020 01:26:32 pm : (run Query database) : SQLSTATE[42000]: Syntax error or access violation: 1064 You have an error in your SQL syntax; check the manual that corresponds to your MariaDB server version for the right syntax to use near 'current_timestand
					)' at line 14
May 23, 2020 01:26:32 pm : (run Query database) : SQLSTATE[42000]: Syntax error or access violation: 1064 You have an error in your SQL syntax; check the manual that corresponds to your MariaDB server version for the right syntax to use near 'username = 'Admin',
				email = 'admin@magazine.com',
				password ='e4b8b6168' at line 1
May 23, 2020 01:26:32 pm : (run Query database) : SQLSTATE[42000]: Syntax error or access violation: 1064 You have an error in your SQL syntax; check the manual that corresponds to your MariaDB server version for the right syntax to use near 'current_timestand
					)' at line 14
May 23, 2020 01:26:32 pm : (run Query database) : SQLSTATE[42000]: Syntax error or access violation: 1064 You have an error in your SQL syntax; check the manual that corresponds to your MariaDB server version for the right syntax to use near 'username = 'Admin',
				email = 'admin@magazine.com',
				password ='e4b8b6168' at line 1
May 23, 2020 01:28:40 pm : (run Query database) : SQLSTATE[42000]: Syntax error or access violation: 1064 You have an error in your SQL syntax; check the manual that corresponds to your MariaDB server version for the right syntax to use near 'current_timestand
					)' at line 14
May 23, 2020 01:28:40 pm : (run Query database) : SQLSTATE[42000]: Syntax error or access violation: 1064 You have an error in your SQL syntax; check the manual that corresponds to your MariaDB server version for the right syntax to use near 'username = 'Admin',
				email = 'admin@magazine.com',
				password ='e4b8b6168' at line 1
May 23, 2020 01:28:41 pm : (run Query database) : SQLSTATE[42000]: Syntax error or access violation: 1064 You have an error in your SQL syntax; check the manual that corresponds to your MariaDB server version for the right syntax to use near 'current_timestand
					)' at line 14
May 23, 2020 01:28:41 pm : (run Query database) : SQLSTATE[42000]: Syntax error or access violation: 1064 You have an error in your SQL syntax; check the manual that corresponds to your MariaDB server version for the right syntax to use near 'username = 'Admin',
				email = 'admin@magazine.com',
				password ='e4b8b6168' at line 1
May 23, 2020 01:28:42 pm : (run Query database) : SQLSTATE[42000]: Syntax error or access violation: 1064 You have an error in your SQL syntax; check the manual that corresponds to your MariaDB server version for the right syntax to use near 'current_timestand
					)' at line 14
May 23, 2020 01:28:42 pm : (run Query database) : SQLSTATE[42000]: Syntax error or access violation: 1064 You have an error in your SQL syntax; check the manual that corresponds to your MariaDB server version for the right syntax to use near 'username = 'Admin',
				email = 'admin@magazine.com',
				password ='e4b8b6168' at line 1
May 23, 2020 01:28:43 pm : (run Query database) : SQLSTATE[42000]: Syntax error or access violation: 1064 You have an error in your SQL syntax; check the manual that corresponds to your MariaDB server version for the right syntax to use near 'current_timestand
					)' at line 14
May 23, 2020 01:28:43 pm : (run Query database) : SQLSTATE[42000]: Syntax error or access violation: 1064 You have an error in your SQL syntax; check the manual that corresponds to your MariaDB server version for the right syntax to use near 'username = 'Admin',
				email = 'admin@magazine.com',
				password ='e4b8b6168' at line 1
May 23, 2020 01:33:31 pm : (run Query database) : SQLSTATE[42000]: Syntax error or access violation: 1064 You have an error in your SQL syntax; check the manual that corresponds to your MariaDB server version for the right syntax to use near 'current_timestand
					)' at line 14
May 23, 2020 01:33:31 pm : (run Query database) : SQLSTATE[42000]: Syntax error or access violation: 1064 You have an error in your SQL syntax; check the manual that corresponds to your MariaDB server version for the right syntax to use near 'username = 'Admin',
				email = 'admin@magazine.com',
				password ='e4b8b6168' at line 1
May 23, 2020 01:41:11 pm : (run Query database) : SQLSTATE[42000]: Syntax error or access violation: 1064 You have an error in your SQL syntax; check the manual that corresponds to your MariaDB server version for the right syntax to use near 'current_timestand
					)' at line 14
May 23, 2020 01:41:11 pm : (run Query database) : SQLSTATE[42S02]: Base table or view not found: 1146 Table 'magazine.users' doesn't exist
May 23, 2020 01:41:12 pm : (run Query database) : SQLSTATE[42000]: Syntax error or access violation: 1064 You have an error in your SQL syntax; check the manual that corresponds to your MariaDB server version for the right syntax to use near 'current_timestand
					)' at line 14
May 23, 2020 01:41:12 pm : (run Query database) : SQLSTATE[42S02]: Base table or view not found: 1146 Table 'magazine.users' doesn't exist
May 23, 2020 01:41:12 pm : (run Query database) : SQLSTATE[42000]: Syntax error or access violation: 1064 You have an error in your SQL syntax; check the manual that corresponds to your MariaDB server version for the right syntax to use near 'current_timestand
					)' at line 14
May 23, 2020 01:41:12 pm : (run Query database) : SQLSTATE[42S02]: Base table or view not found: 1146 Table 'magazine.users' doesn't exist
May 23, 2020 01:41:13 pm : (run Query database) : SQLSTATE[42000]: Syntax error or access violation: 1064 You have an error in your SQL syntax; check the manual that corresponds to your MariaDB server version for the right syntax to use near 'current_timestand
					)' at line 14
May 23, 2020 01:41:13 pm : (run Query database) : SQLSTATE[42S02]: Base table or view not found: 1146 Table 'magazine.users' doesn't exist
May 23, 2020 01:41:13 pm : (run Query database) : SQLSTATE[42000]: Syntax error or access violation: 1064 You have an error in your SQL syntax; check the manual that corresponds to your MariaDB server version for the right syntax to use near 'current_timestand
					)' at line 14
May 23, 2020 01:41:13 pm : (run Query database) : SQLSTATE[42S02]: Base table or view not found: 1146 Table 'magazine.users' doesn't exist
May 23, 2020 01:41:13 pm : (run Query database) : SQLSTATE[42000]: Syntax error or access violation: 1064 You have an error in your SQL syntax; check the manual that corresponds to your MariaDB server version for the right syntax to use near 'current_timestand
					)' at line 14
May 23, 2020 01:41:13 pm : (run Query database) : SQLSTATE[42S02]: Base table or view not found: 1146 Table 'magazine.users' doesn't exist
May 23, 2020 01:41:13 pm : (run Query database) : SQLSTATE[42000]: Syntax error or access violation: 1064 You have an error in your SQL syntax; check the manual that corresponds to your MariaDB server version for the right syntax to use near 'current_timestand
					)' at line 14
May 23, 2020 01:41:13 pm : (run Query database) : SQLSTATE[42S02]: Base table or view not found: 1146 Table 'magazine.users' doesn't exist
May 23, 2020 01:42:59 pm : (run Query database) : SQLSTATE[42000]: Syntax error or access violation: 1064 You have an error in your SQL syntax; check the manual that corresponds to your MariaDB server version for the right syntax to use near 'current_timestand
					)' at line 14
May 23, 2020 01:42:59 pm : (run Query database) : SQLSTATE[42S02]: Base table or view not found: 1146 Table 'magazine.users' doesn't exist
May 23, 2020 01:43:00 pm : (run Query database) : SQLSTATE[42000]: Syntax error or access violation: 1064 You have an error in your SQL syntax; check the manual that corresponds to your MariaDB server version for the right syntax to use near 'current_timestand
					)' at line 14
May 23, 2020 01:43:00 pm : (run Query database) : SQLSTATE[42S02]: Base table or view not found: 1146 Table 'magazine.users' doesn't exist
May 23, 2020 01:43:00 pm : (run Query database) : SQLSTATE[42000]: Syntax error or access violation: 1064 You have an error in your SQL syntax; check the manual that corresponds to your MariaDB server version for the right syntax to use near 'current_timestand
					)' at line 14
May 23, 2020 01:43:00 pm : (run Query database) : SQLSTATE[42S02]: Base table or view not found: 1146 Table 'magazine.users' doesn't exist
May 23, 2020 01:43:00 pm : (run Query database) : SQLSTATE[42000]: Syntax error or access violation: 1064 You have an error in your SQL syntax; check the manual that corresponds to your MariaDB server version for the right syntax to use near 'current_timestand
					)' at line 14
May 23, 2020 01:43:00 pm : (run Query database) : SQLSTATE[42S02]: Base table or view not found: 1146 Table 'magazine.users' doesn't exist
May 23, 2020 01:43:01 pm : (run Query database) : SQLSTATE[42000]: Syntax error or access violation: 1064 You have an error in your SQL syntax; check the manual that corresponds to your MariaDB server version for the right syntax to use near 'current_timestand
					)' at line 14
May 23, 2020 01:43:01 pm : (run Query database) : SQLSTATE[42S02]: Base table or view not found: 1146 Table 'magazine.users' doesn't exist
May 23, 2020 01:43:01 pm : (run Query database) : SQLSTATE[42000]: Syntax error or access violation: 1064 You have an error in your SQL syntax; check the manual that corresponds to your MariaDB server version for the right syntax to use near 'current_timestand
					)' at line 14
May 23, 2020 01:43:01 pm : (run Query database) : SQLSTATE[42S02]: Base table or view not found: 1146 Table 'magazine.users' doesn't exist
May 23, 2020 01:43:01 pm : (run Query database) : SQLSTATE[42000]: Syntax error or access violation: 1064 You have an error in your SQL syntax; check the manual that corresponds to your MariaDB server version for the right syntax to use near 'current_timestand
					)' at line 14
May 23, 2020 01:43:01 pm : (run Query database) : SQLSTATE[42S02]: Base table or view not found: 1146 Table 'magazine.users' doesn't exist
May 23, 2020 01:43:23 pm : (run Query database) : SQLSTATE[42000]: Syntax error or access violation: 1064 You have an error in your SQL syntax; check the manual that corresponds to your MariaDB server version for the right syntax to use near 'current_timestand
					)' at line 14
May 23, 2020 01:43:23 pm : (run Query database) : SQLSTATE[42S02]: Base table or view not found: 1146 Table 'magazine.users' doesn't exist
May 23, 2020 01:47:23 pm : (run Query database) : SQLSTATE[42000]: Syntax error or access violation: 1064 You have an error in your SQL syntax; check the manual that corresponds to your MariaDB server version for the right syntax to use near 'current_timestand
					)' at line 14
May 23, 2020 01:47:23 pm : (run Query database) : SQLSTATE[42S02]: Base table or view not found: 1146 Table 'magazine.users' doesn't exist
May 23, 2020 01:47:24 pm : (run Query database) : SQLSTATE[42000]: Syntax error or access violation: 1064 You have an error in your SQL syntax; check the manual that corresponds to your MariaDB server version for the right syntax to use near 'current_timestand
					)' at line 14
May 23, 2020 01:47:24 pm : (run Query database) : SQLSTATE[42S02]: Base table or view not found: 1146 Table 'magazine.users' doesn't exist
May 23, 2020 01:47:24 pm : (run Query database) : SQLSTATE[42000]: Syntax error or access violation: 1064 You have an error in your SQL syntax; check the manual that corresponds to your MariaDB server version for the right syntax to use near 'current_timestand
					)' at line 14
May 23, 2020 01:47:24 pm : (run Query database) : SQLSTATE[42S02]: Base table or view not found: 1146 Table 'magazine.users' doesn't exist
May 23, 2020 01:47:58 pm : (run Query database) : SQLSTATE[42000]: Syntax error or access violation: 1064 You have an error in your SQL syntax; check the manual that corresponds to your MariaDB server version for the right syntax to use near 'current_timestand
					)' at line 14
May 23, 2020 01:47:58 pm : (run Query database) : SQLSTATE[42S02]: Base table or view not found: 1146 Table 'magazine.users' doesn't exist
May 23, 2020 01:49:54 pm : (run Query database) : SQLSTATE[42000]: Syntax error or access violation: 1064 You have an error in your SQL syntax; check the manual that corresponds to your MariaDB server version for the right syntax to use near 'current_timestand
					)' at line 14
May 23, 2020 01:49:54 pm : (run Query database) : SQLSTATE[42S02]: Base table or view not found: 1146 Table 'magazine.users' doesn't exist
May 23, 2020 01:49:56 pm : (run Query database) : SQLSTATE[42000]: Syntax error or access violation: 1064 You have an error in your SQL syntax; check the manual that corresponds to your MariaDB server version for the right syntax to use near 'current_timestand
					)' at line 14
May 23, 2020 01:49:56 pm : (run Query database) : SQLSTATE[42S02]: Base table or view not found: 1146 Table 'magazine.users' doesn't exist
May 23, 2020 01:51:50 pm : (run Query database) : SQLSTATE[42000]: Syntax error or access violation: 1064 You have an error in your SQL syntax; check the manual that corresponds to your MariaDB server version for the right syntax to use near 'table SET
				username = 'Admin',
				email = 'admin@magazine.com',
				passw' at line 1
May 23, 2020 01:51:52 pm : (run Query database) : SQLSTATE[42000]: Syntax error or access violation: 1064 You have an error in your SQL syntax; check the manual that corresponds to your MariaDB server version for the right syntax to use near 'table SET
				username = 'Admin',
				email = 'admin@magazine.com',
				passw' at line 1
May 23, 2020 01:51:52 pm : (run Query database) : SQLSTATE[42000]: Syntax error or access violation: 1064 You have an error in your SQL syntax; check the manual that corresponds to your MariaDB server version for the right syntax to use near 'table SET
				username = 'Admin',
				email = 'admin@magazine.com',
				passw' at line 1
May 23, 2020 01:51:52 pm : (run Query database) : SQLSTATE[42000]: Syntax error or access violation: 1064 You have an error in your SQL syntax; check the manual that corresponds to your MariaDB server version for the right syntax to use near 'table SET
				username = 'Admin',
				email = 'admin@magazine.com',
				passw' at line 1
May 23, 2020 01:53:16 pm : (run Query database) : SQLSTATE[23000]: Integrity constraint violation: 1062 Duplicate entry 'admin@magazine.com' for key 'email'
May 23, 2020 01:53:16 pm : (run Query database) : SQLSTATE[23000]: Integrity constraint violation: 1062 Duplicate entry 'admin@magazine.com' for key 'email'
May 23, 2020 01:53:16 pm : (run Query database) : SQLSTATE[23000]: Integrity constraint violation: 1062 Duplicate entry 'admin@magazine.com' for key 'email'
May 23, 2020 01:53:17 pm : (run Query database) : SQLSTATE[23000]: Integrity constraint violation: 1062 Duplicate entry 'admin@magazine.com' for key 'email'
May 23, 2020 01:53:19 pm : (run Query database) : SQLSTATE[23000]: Integrity constraint violation: 1062 Duplicate entry 'admin@magazine.com' for key 'email'
May 23, 2020 01:54:25 pm : (run Query database) : SQLSTATE[23000]: Integrity constraint violation: 1062 Duplicate entry 'admin@magazine.com' for key 'email'
May 23, 2020 02:04:58 pm : (run Query database) : SQLSTATE[23000]: Integrity constraint violation: 1062 Duplicate entry 'admin@magazine.com' for key 'email'
May 23, 2020 02:04:59 pm : (run Query database) : SQLSTATE[23000]: Integrity constraint violation: 1062 Duplicate entry 'admin@magazine.com' for key 'email'
May 23, 2020 02:04:59 pm : (run Query database) : SQLSTATE[23000]: Integrity constraint violation: 1062 Duplicate entry 'admin@magazine.com' for key 'email'
May 23, 2020 02:04:59 pm : (run Query database) : SQLSTATE[23000]: Integrity constraint violation: 1062 Duplicate entry 'admin@magazine.com' for key 'email'
May 23, 2020 02:05:00 pm : (run Query database) : SQLSTATE[23000]: Integrity constraint violation: 1062 Duplicate entry 'admin@magazine.com' for key 'email'
May 23, 2020 02:05:00 pm : (run Query database) : SQLSTATE[23000]: Integrity constraint violation: 1062 Duplicate entry 'admin@magazine.com' for key 'email'
May 23, 2020 02:05:01 pm : (run Query database) : SQLSTATE[23000]: Integrity constraint violation: 1062 Duplicate entry 'admin@magazine.com' for key 'email'
May 23, 2020 02:14:00 pm : (run Query database) : SQLSTATE[23000]: Integrity constraint violation: 1062 Duplicate entry 'admin@magazine.com' for key 'email'
May 23, 2020 09:35:13 pm : (addData) : SQLSTATE[23000]: Integrity constraint violation: 1062 Duplicate entry 'khwopa@magazine.com' for key 'email'
May 23, 2020 09:35:14 pm : (addData) : SQLSTATE[23000]: Integrity constraint violation: 1062 Duplicate entry 'khwopa@magazine.com' for key 'email'
May 23, 2020 09:35:14 pm : (addData) : SQLSTATE[23000]: Integrity constraint violation: 1062 Duplicate entry 'khwopa@magazine.com' for key 'email'
May 23, 2020 09:35:14 pm : (addData) : SQLSTATE[23000]: Integrity constraint violation: 1062 Duplicate entry 'khwopa@magazine.com' for key 'email'
